Arguments: 
  C:\Program Files\nodejs\node.exe C:\Users\Stef\AppData\Roaming\npm\node_modules\yarn\bin\yarn.js start

PATH: 
  C:\WINDOWS\system32;C:\WINDOWS;C:\WINDOWS\System32\Wbem;C:\WINDOWS\System32\WindowsPowerShell\v1.0\;C:\WINDOWS\System32\OpenSSH\;C:\Program Files (x86)\NVIDIA Corporation\PhysX\Common;C:\Program Files\nodejs\;C:\Program Files\Microsoft VS Code\bin;C:\Program Files\Git\cmd;C:\Users\Stef\AppData\Local\Microsoft\WindowsApps;C:\Users\Stef\AppData\Local\GitHubDesktop\bin;C:\Users\Stef\AppData\Roaming\npm

Yarn version: 
  1.9.2

Node version: 
  8.11.3

Platform: 
  win32 x64

Trace: 
  SyntaxError: C:\Users\Stef\Documents\websites\myResume\package.json: Unexpected token / in JSON at position 1277
      at JSON.parse (<anonymous>)
      at C:\Users\Stef\AppData\Roaming\npm\node_modules\yarn\lib\cli.js:1130:59
      at Generator.next (<anonymous>)
      at step (C:\Users\Stef\AppData\Roaming\npm\node_modules\yarn\lib\cli.js:92:30)
      at C:\Users\Stef\AppData\Roaming\npm\node_modules\yarn\lib\cli.js:103:13
      at <anonymous>

npm manifest: 
  {
    "name": "myResume",
    "version": "0.1.0",
    "description": "My resume",
    "main": "index.html",
    "repository": "git@github.com:O-clock-Hyperspace/React-modele.git",
    "author": "Stéphane Lanteri <stephane@lanteri.fr>",
    "license": "CC-BY-NC-2.5",
    "private": false,
    "devDependencies": {
      "autoprefixer": "^8.5.2",
      "babel-eslint": "^8.2.3",
      "babel-plugin-transform-class-properties": "^6.24.1",
      "babel-plugin-transform-object-rest-spread": "^6.26.0",
      "babel-preset-env": "^1.7.0",
      "babel-preset-react": "^6.24.1",
      "eslint": "^4.19.1",
      "eslint-config-airbnb": "^16.1.0",
      "eslint-import-resolver-alias": "^1.1.0",
      "eslint-plugin-import": "^2.12.0",
      "eslint-plugin-jsx-a11y": "^6.0.3",
      "eslint-plugin-react": "^7.8.2",
      "parcel-bundler": "^1.8.1",
      "postcss-modules": "^1.1.0",
      "stylint": "^1.5.9",
      "stylus": "^0.54.5"
    },
    "dependencies": {
      "babel-polyfill": "^6.26.0",
      "lodash": "^4.17.10",
      "prop-types": "^15.6.1",
      "react": "^16.4.0",
      "react-addons-css-transition-group": "^15.6.2",
      "react-dom": "^16.4.0",
      "react-redux": "^5.0.7",
      "react-router": "^4.3.1",
      "react-router-dom": "^4.3.1",
      "redux": "^4.0.0",
      "semantic-ui-react": "^0.82.1"
    },
    "scripts": {
      // "start": "parcel build src/index.html",
      "start": "parcel src/index.html",
      "clean": "rm -rf .cache dist",
      "watch": "yarn clean && yarn start"
    }
  }

yarn manifest: 
  No manifest

Lockfile: 
  No lockfile
